2025-05-07 14:03:12,535 - INFO - Run grid search
2025-05-07 14:03:12,536 - INFO - Training sentence transformer - llr = 0.0001 | lwd = 0.0001 | le = 5 | llmlr = 1e-05 | llmwd = 1e-05 | llme = 2
2025-05-07 14:03:12,536 - INFO - Training contemp generator - llr = 0.0001 | lwd = 0.001 | le = 1 | llmlr = 1e-05 | llmwd = 1e-05 | llme = 1
2025-05-07 15:41:36,652 - INFO - Found best acc = 0.56 | stllr = 0.0001 | stlwd = 0.0001 | stle = 5 | stllmlr = 1e-05 | stllmwd = 1e-05 | stllme = 2 | cgllr = 0.0001 | cgle = 1 | cglwd = 0.001 | cgllmlr = 1e-05 | cgllmwd = 1e-05 | cgllme = 1
2025-05-07 15:41:36,653 - INFO - Python command - python main.py --config small --mode effi_cot --dataset commonsense_qa --device 3 --variation vanilla -stllr 0.0001 -stlwd 0.0001 -stle 5 -stllmlr 1e-05 -stllmwd 1e-05 -stllme 2 -cgllr 0.0001 -cglwd 0.001 -cgle 1 -cgllmlr 1e-05 -cgllmwd 1e-05 -cgllme 1 --num_exps 1
2025-05-07 15:41:36,653 - INFO - Training contemp generator - llr = 0.01 | lwd = 0.01 | le = 3 | llmlr = 1e-05 | llmwd = 1e-05 | llme = 1
2025-05-07 16:59:14,525 - INFO - Found best acc = 0.69 | stllr = 0.0001 | stlwd = 0.0001 | stle = 5 | stllmlr = 1e-05 | stllmwd = 1e-05 | stllme = 2 | cgllr = 0.01 | cgle = 3 | cglwd = 0.01 | cgllmlr = 1e-05 | cgllmwd = 1e-05 | cgllme = 1
2025-05-07 16:59:14,525 - INFO - Python command - python main.py --config small --mode effi_cot --dataset commonsense_qa --device 3 --variation vanilla -stllr 0.0001 -stlwd 0.0001 -stle 5 -stllmlr 1e-05 -stllmwd 1e-05 -stllme 2 -cgllr 0.01 -cglwd 0.01 -cgle 3 -cgllmlr 1e-05 -cgllmwd 1e-05 -cgllme 1 --num_exps 1
2025-05-07 16:59:14,525 - INFO - Training contemp generator - llr = 0.0001 | lwd = 0.001 | le = 3 | llmlr = 1e-07 | llmwd = 0.001 | llme = 2
2025-05-07 18:00:09,709 - INFO - Training contemp generator - llr = 0.001 | lwd = 0.0001 | le = 3 | llmlr = 1e-05 | llmwd = 0.001 | llme = 2
2025-05-07 20:15:26,355 - INFO - Found best acc = 0.78 | stllr = 0.0001 | stlwd = 0.0001 | stle = 5 | stllmlr = 1e-05 | stllmwd = 1e-05 | stllme = 2 | cgllr = 0.001 | cgle = 3 | cglwd = 0.0001 | cgllmlr = 1e-05 | cgllmwd = 0.001 | cgllme = 2
2025-05-07 20:15:26,356 - INFO - Python command - python main.py --config small --mode effi_cot --dataset commonsense_qa --device 3 --variation vanilla -stllr 0.0001 -stlwd 0.0001 -stle 5 -stllmlr 1e-05 -stllmwd 1e-05 -stllme 2 -cgllr 0.001 -cglwd 0.0001 -cgle 3 -cgllmlr 1e-05 -cgllmwd 0.001 -cgllme 2 --num_exps 1
2025-05-07 20:15:26,356 - INFO - Training contemp generator - llr = 0.0001 | lwd = 0.001 | le = 1 | llmlr = 1e-05 | llmwd = 0.001 | llme = 2
2025-05-08 00:17:14,187 - INFO - Run grid search
2025-05-08 00:17:14,188 - INFO - Training sentence transformer - llr = 0.0001 | lwd = 0.001 | le = 5 | llmlr = 1e-05 | llmwd = 0.001 | llme = 2
2025-05-08 00:17:14,188 - INFO - Training contemp generator - llr = 0.001 | lwd = 0.001 | le = 3 | llmlr = 1e-07 | llmwd = 0.001 | llme = 1
2025-05-08 01:20:16,844 - INFO - Found best acc = 0.665 | stllr = 0.0001 | stlwd = 0.001 | stle = 5 | stllmlr = 1e-05 | stllmwd = 0.001 | stllme = 2 | cgllr = 0.001 | cgle = 3 | cglwd = 0.001 | cgllmlr = 1e-07 | cgllmwd = 0.001 | cgllme = 1
2025-05-08 01:20:16,844 - INFO - Python command - python main.py --config small --mode effi_cot --dataset commonsense_qa --device 3 --variation vanilla -stllr 0.0001 -stlwd 0.001 -stle 5 -stllmlr 1e-05 -stllmwd 0.001 -stllme 2 -cgllr 0.001 -cglwd 0.001 -cgle 3 -cgllmlr 1e-07 -cgllmwd 0.001 -cgllme 1 --num_exps 1
2025-05-08 01:20:16,845 - INFO - Training contemp generator - llr = 0.001 | lwd = 0.0001 | le = 5 | llmlr = 1e-05 | llmwd = 0.001 | llme = 2
2025-05-08 02:36:27,532 - INFO - Found best acc = 0.705 | stllr = 0.0001 | stlwd = 0.001 | stle = 5 | stllmlr = 1e-05 | stllmwd = 0.001 | stllme = 2 | cgllr = 0.001 | cgle = 5 | cglwd = 0.0001 | cgllmlr = 1e-05 | cgllmwd = 0.001 | cgllme = 2
2025-05-08 02:36:27,532 - INFO - Python command - python main.py --config small --mode effi_cot --dataset commonsense_qa --device 3 --variation vanilla -stllr 0.0001 -stlwd 0.001 -stle 5 -stllmlr 1e-05 -stllmwd 0.001 -stllme 2 -cgllr 0.001 -cglwd 0.0001 -cgle 5 -cgllmlr 1e-05 -cgllmwd 0.001 -cgllme 2 --num_exps 1
2025-05-08 02:36:27,532 - INFO - Training contemp generator - llr = 0.001 | lwd = 0.01 | le = 1 | llmlr = 1e-05 | llmwd = 1e-05 | llme = 2
2025-05-08 03:35:17,077 - INFO - Training contemp generator - llr = 0.0001 | lwd = 0.01 | le = 3 | llmlr = 1e-05 | llmwd = 1e-05 | llme = 1
2025-05-08 04:29:24,813 - INFO - Training contemp generator - llr = 0.001 | lwd = 0.001 | le = 1 | llmlr = 1e-05 | llmwd = 1e-05 | llme = 1
2025-05-08 05:18:03,937 - INFO - Found best acc = 0.715 | stllr = 0.0001 | stlwd = 0.001 | stle = 5 | stllmlr = 1e-05 | stllmwd = 0.001 | stllme = 2 | cgllr = 0.001 | cgle = 1 | cglwd = 0.001 | cgllmlr = 1e-05 | cgllmwd = 1e-05 | cgllme = 1
2025-05-08 05:18:03,937 - INFO - Python command - python main.py --config small --mode effi_cot --dataset commonsense_qa --device 3 --variation vanilla -stllr 0.0001 -stlwd 0.001 -stle 5 -stllmlr 1e-05 -stllmwd 0.001 -stllme 2 -cgllr 0.001 -cglwd 0.001 -cgle 1 -cgllmlr 1e-05 -cgllmwd 1e-05 -cgllme 1 --num_exps 1
2025-05-08 05:18:03,937 - INFO - Training contemp generator - llr = 0.01 | lwd = 0.01 | le = 5 | llmlr = 1e-05 | llmwd = 1e-05 | llme = 1
2025-05-08 06:20:49,156 - INFO - Training contemp generator - llr = 0.001 | lwd = 0.01 | le = 5 | llmlr = 1e-07 | llmwd = 0.001 | llme = 2
2025-05-08 07:29:18,534 - INFO - Training contemp generator - llr = 0.0001 | lwd = 0.01 | le = 5 | llmlr = 1e-05 | llmwd = 0.001 | llme = 1
2025-05-08 08:32:09,929 - INFO - Training contemp generator - llr = 0.001 | lwd = 0.001 | le = 5 | llmlr = 1e-05 | llmwd = 1e-05 | llme = 2
2025-05-08 08:49:13,001 - INFO - Run grid search
2025-05-08 08:49:13,001 - INFO - Training sentence transformer - llr = 0.01 | lwd = 0.01 | le = 1 | llmlr = 1e-05 | llmwd = 1e-05 | llme = 1
2025-05-08 08:49:13,001 - INFO - Training contemp generator - llr = 0.01 | lwd = 0.001 | le = 3 | llmlr = 1e-05 | llmwd = 1e-05 | llme = 1
