2025-05-06 13:06:41,117 - INFO - Run grid search
2025-05-06 13:06:41,117 - INFO - Training sentence transformer - llr = 0.0001 | lwd = 0.001 | le = 5 | llmlr = 1e-07 | llmwd = 0.001 | llme = 1
2025-05-06 13:06:41,117 - INFO - Training contemp generator - llr = 0.001 | lwd = 0.01 | le = 3 | llmlr = 1e-05 | llmwd = 0.001 | llme = 2
2025-05-06 13:42:57,629 - INFO - Found best acc = 0.139 | stllr = 0.0001 | stlwd = 0.001 | stle = 5 | stllmlr = 1e-07 | stllmwd = 0.001 | stllme = 1 | cgllr = 0.001 | cgle = 3 | cglwd = 0.01 | cgllmlr = 1e-05 | cgllmwd = 0.001 | cgllme = 2
2025-05-06 13:42:57,629 - INFO - Python command - python main.py --config small --mode effi_cot --dataset multiarith --device 2 --variation vanilla -stllr 0.0001 -stlwd 0.001 -stle 5 -stllmlr 1e-07 -stllmwd 0.001 -stllme 1 -cgllr 0.001 -cglwd 0.01 -cgle 3 -cgllmlr 1e-05 -cgllmwd 0.001 -cgllme 2 -train_st False --num_exps 1
2025-05-06 13:42:57,629 - INFO - Training contemp generator - llr = 0.01 | lwd = 0.001 | le = 5 | llmlr = 1e-05 | llmwd = 0.001 | llme = 1
2025-05-06 14:14:45,527 - INFO - Training contemp generator - llr = 0.0001 | lwd = 0.01 | le = 3 | llmlr = 1e-05 | llmwd = 0.001 | llme = 2
2025-05-06 14:48:43,888 - INFO - Training contemp generator - llr = 0.0001 | lwd = 0.0001 | le = 3 | llmlr = 1e-05 | llmwd = 1e-05 | llme = 1
2025-05-06 15:19:28,480 - INFO - Training contemp generator - llr = 0.0001 | lwd = 0.0001 | le = 5 | llmlr = 1e-07 | llmwd = 1e-05 | llme = 2
complete

2025-05-09 22:08:18,269 - INFO - Run grid search
2025-05-09 22:08:18,270 - INFO - Training sentence transformer - llr = 0.01 | lwd = 0.001 | le = 1 | llmlr = 1e-07 | llmwd = 1e-05 | llme = 2
2025-05-09 22:08:18,270 - INFO - Training contemp generator - llr = 0.0001 | lwd = 0.01 | le = 3 | llmlr = 1e-05 | llmwd = 0.001 | llme = 2
2025-05-09 22:44:56,285 - INFO - Found best acc = 0.111 | stllr = 0.01 | stlwd = 0.001 | stle = 1 | stllmlr = 1e-07 | stllmwd = 1e-05 | stllme = 2 | cgllr = 0.0001 | cgle = 3 | cglwd = 0.01 | cgllmlr = 1e-05 | cgllmwd = 0.001 | cgllme = 2
2025-05-09 22:44:56,285 - INFO - Python command - python main.py --config small --mode effi_cot --dataset multiarith --device 1 --variation vanilla -stllr 0.01 -stlwd 0.001 -stle 1 -stllmlr 1e-07 -stllmwd 1e-05 -stllme 2 -cgllr 0.0001 -cglwd 0.01 -cgle 3 -cgllmlr 1e-05 -cgllmwd 0.001 -cgllme 2 --num_exps 1
2025-05-09 22:44:56,285 - INFO - Training contemp generator - llr = 0.001 | lwd = 0.001 | le = 1 | llmlr = 1e-07 | llmwd = 0.001 | llme = 1
2025-05-09 23:15:32,615 - INFO - Training contemp generator - llr = 0.01 | lwd = 0.01 | le = 1 | llmlr = 1e-07 | llmwd = 1e-05 | llme = 2
2025-05-09 23:47:10,684 - INFO - Found best acc = 0.117 | stllr = 0.01 | stlwd = 0.001 | stle = 1 | stllmlr = 1e-07 | stllmwd = 1e-05 | stllme = 2 | cgllr = 0.01 | cgle = 1 | cglwd = 0.01 | cgllmlr = 1e-07 | cgllmwd = 1e-05 | cgllme = 2
2025-05-09 23:47:10,684 - INFO - Python command - python main.py --config small --mode effi_cot --dataset multiarith --device 1 --variation vanilla -stllr 0.01 -stlwd 0.001 -stle 1 -stllmlr 1e-07 -stllmwd 1e-05 -stllme 2 -cgllr 0.01 -cglwd 0.01 -cgle 1 -cgllmlr 1e-07 -cgllmwd 1e-05 -cgllme 2 --num_exps 1
2025-05-09 23:47:10,684 - INFO - Training contemp generator - llr = 0.01 | lwd = 0.0001 | le = 1 | llmlr = 1e-07 | llmwd = 0.001 | llme = 1
2025-05-10 00:16:07,041 - INFO - Training contemp generator - llr = 0.001 | lwd = 0.001 | le = 3 | llmlr = 1e-05 | llmwd = 0.001 | llme = 2
2025-05-10 00:53:34,573 - INFO - Training contemp generator - llr = 0.01 | lwd = 0.01 | le = 5 | llmlr = 1e-05 | llmwd = 1e-05 | llme = 2
2025-05-10 01:34:45,866 - INFO - Training sentence transformer - llr = 0.01 | lwd = 0.001 | le = 1 | llmlr = 1e-07 | llmwd = 0.001 | llme = 1
2025-05-10 01:34:45,866 - INFO - Training contemp generator - llr = 0.001 | lwd = 0.001 | le = 1 | llmlr = 1e-07 | llmwd = 0.001 | llme = 1
2025-05-10 02:04:17,570 - INFO - Found best acc = 0.239 | stllr = 0.01 | stlwd = 0.001 | stle = 1 | stllmlr = 1e-07 | stllmwd = 0.001 | stllme = 1 | cgllr = 0.001 | cgle = 1 | cglwd = 0.001 | cgllmlr = 1e-07 | cgllmwd = 0.001 | cgllme = 1
2025-05-10 02:04:17,570 - INFO - Python command - python main.py --config small --mode effi_cot --dataset multiarith --device 1 --variation vanilla -stllr 0.01 -stlwd 0.001 -stle 1 -stllmlr 1e-07 -stllmwd 0.001 -stllme 1 -cgllr 0.001 -cglwd 0.001 -cgle 1 -cgllmlr 1e-07 -cgllmwd 0.001 -cgllme 1 --num_exps 1
2025-05-10 02:04:17,570 - INFO - Training contemp generator - llr = 0.001 | lwd = 0.001 | le = 5 | llmlr = 1e-07 | llmwd = 0.001 | llme = 2
2025-05-10 02:43:42,357 - INFO - Training contemp generator - llr = 0.01 | lwd = 0.0001 | le = 1 | llmlr = 1e-05 | llmwd = 0.001 | llme = 1
2025-05-10 03:13:36,345 - INFO - Training contemp generator - llr = 0.0001 | lwd = 0.001 | le = 3 | llmlr = 1e-07 | llmwd = 0.001 | llme = 1
2025-05-10 03:47:29,794 - INFO - Training sentence transformer - llr = 0.001 | lwd = 0.01 | le = 5 | llmlr = 1e-05 | llmwd = 0.001 | llme = 1
2025-05-10 03:47:29,795 - INFO - Training contemp generator - llr = 0.01 | lwd = 0.001 | le = 3 | llmlr = 1e-07 | llmwd = 1e-05 | llme = 2
2025-05-10 04:25:15,328 - INFO - Training contemp generator - llr = 0.001 | lwd = 0.01 | le = 1 | llmlr = 1e-05 | llmwd = 0.001 | llme = 2
2025-05-10 04:58:07,995 - INFO - Training contemp generator - llr = 0.001 | lwd = 0.001 | le = 5 | llmlr = 1e-05 | llmwd = 1e-05 | llme = 2
2025-05-10 05:40:46,981 - INFO - Training contemp generator - llr = 0.01 | lwd = 0.01 | le = 5 | llmlr = 1e-05 | llmwd = 1e-05 | llme = 1
2025-05-10 06:20:37,401 - INFO - Training sentence transformer - llr = 0.001 | lwd = 0.0001 | le = 1 | llmlr = 1e-07 | llmwd = 1e-05 | llme = 1
2025-05-10 06:20:37,402 - INFO - Training contemp generator - llr = 0.01 | lwd = 0.001 | le = 5 | llmlr = 1e-05 | llmwd = 1e-05 | llme = 2
2025-05-10 07:00:58,431 - INFO - Training contemp generator - llr = 0.0001 | lwd = 0.0001 | le = 3 | llmlr = 1e-05 | llmwd = 1e-05 | llme = 2
2025-05-10 07:36:35,524 - INFO - Training contemp generator - llr = 0.001 | lwd = 0.0001 | le = 5 | llmlr = 1e-07 | llmwd = 0.001 | llme = 1
2025-05-10 08:12:51,849 - INFO - Training contemp generator - llr = 0.01 | lwd = 0.001 | le = 3 | llmlr = 1e-05 | llmwd = 0.001 | llme = 2
